(napari-env) C:\Users\lampen\Documents\napari_plugins\VessQC>pytest
================================================= test session starts =================================================
platform win32 -- Python 3.9.16, pytest-7.4.0, pluggy-1.2.0
PyQt5 5.15.9 -- Qt runtime 5.15.2 -- Qt compiled 5.15.2
rootdir: C:\Users\lampen\Documents\napari_plugins\VessQC
plugins: anyio-3.7.1, napari-0.4.18, napari-plugin-engine-0.2.0, npe2-0.7.1, qt-4.2.0
collected 3 items

src\vessqc\_tests\test_widget.py ..F                                                                             [100%]

====================================================== FAILURES =======================================================
________________________________________________ test_btn_segmentation ________________________________________________

vess_qc = <vessqc._widget.VessQC object at 0x00000265DDCEE940>

    def test_btn_segmentation(vess_qc):
        viewer = vess_qc.viewer
        vess_qc.suffix = '.tif'
        vess_qc.parent = parent
        vess_qc.is_tifffile = True
        vess_qc.areas = [None]
        vess_qc.btn_segmentation()

        assert len(viewer.layers) == 2
        assert viewer.layers[0].name == 'Prediction'
        assert viewer.layers[1].name == 'Uncertainty'
>       assert np.array_equal(viewer.layers[0].data, prediction_data)
E       AssertionError: assert False
E        +  where False = <function array_equal at 0x00000265B946ED30>(array([[[0, 0, 0, ..., 0, 0, 0],\n        [0, 0, 0, ..., 0, 0, 0],\n        [0, 0, 0, ..., 0, 0, 0],\n        ...,\n      ... ...,\n        [0, 0, 0, ..., 0, 0, 0],\n        [0, 0, 0, ..., 0, 0, 0],\n        [0, 0, 0, ..., 0, 0, 0]]], dtype=int32), prediction_data)
E        +    where <function array_equal at 0x00000265B946ED30> = np.array_equal
E        +    and   array([[[0, 0, 0, ..., 0, 0, 0],\n        [0, 0, 0, ..., 0, 0, 0],\n        [0, 0, 0, ..., 0, 0, 0],\n        ...,\n      ... ...,\n        [0, 0, 0, ..., 0, 0, 0],\n        [0, 0, 0, ..., 0, 0, 0],\n        [0, 0, 0, ..., 0, 0, 0]]], dtype=int32) = <Labels layer 'Prediction' at 0x265dd4d8cd0>.data

src\vessqc\_tests\test_widget.py:70: AssertionError
------------------------------------------------ Captured stdout call -------------------------------------------------
Load C:\Users\lampen\Documents\napari_plugins\VessQC\src\vessqc\_tests\Data\Prediction.tif
Load C:\Users\lampen\Documents\napari_plugins\VessQC\src\vessqc\_tests\Data\Uncertainty.tif
=============================================== short test summary info ===============================================
FAILED src/vessqc/_tests/test_widget.py::test_btn_segmentation - AssertionError: assert False
============================================ 1 failed, 2 passed in 15.72s =============================================

(napari-env) C:\Users\lampen\Documents\napari_plugins\VessQC>
